{"uuid":"3f2f9ef4-df35-4c81-ae50-4ddcfc63814a","historyId":"fe2c1e1c2a40f80679ef19117e483643","fullName":"Add New Assignment  Functionality: Validate Add New Assignment button","labels":[{"name":"host","value":"Pandya"},{"name":"thread","value":"26344@Pandya.main(1)"},{"name":"feature","value":"Add New Assignment  Functionality"},{"name":"story","value":"Validate Add New Assignment button"},{"name":"suite","value":"Add New Assignment  Functionality"},{"name":"testClass","value":"Validate Add New Assignment button"},{"name":"framework","value":"cucumber5jvm"},{"name":"language","value":"java"},{"name":"gherkin_uri","value":"file:///C:/Users/joshi/eclipse-workspace/LMS/src/test/resources/features/6Assignment_AddNewAssignmentStaff.feature"},{"name":"package","value":"src.test.resources.features.6Assignment_AddNewAssignmentStaff_feature.Add New Assignment  Functionality"}],"links":[],"name":"Validate Add New Assignment button","status":"broken","statusDetails":{"known":false,"muted":false,"flaky":false,"message":"Step [Staff Logged on to LMS website] is defined with 0 parameters at 'stepDefinations.Assignment.staff_Logged_on_to_LMS_website()'.\nHowever, the gherkin step has 1 arguments:\n * Table:\n      | username | Password |\n      | xyz1234  | kk12kk12 |\n\nStep text: Staff Logged on to LMS website","trace":"io.cucumber.core.exception.CucumberException: Step [Staff Logged on to LMS website] is defined with 0 parameters at 'stepDefinations.Assignment.staff_Logged_on_to_LMS_website()'.\nHowever, the gherkin step has 1 arguments:\n * Table:\n      | username | Password |\n      | xyz1234  | kk12kk12 |\n\nStep text: Staff Logged on to LMS website\r\n\tat io.cucumber.core.runner.PickleStepDefinitionMatch.arityMismatch(PickleStepDefinitionMatch.java:134)\r\n\tat io.cucumber.core.runner.PickleStepDefinitionMatch.runStep(PickleStepDefinitionMatch.java:42)\r\n\tat io.cucumber.core.runner.TestStep.executeStep(TestStep.java:64)\r\n\tat io.cucumber.core.runner.TestStep.run(TestStep.java:49)\r\n\tat io.cucumber.core.runner.PickleStepTestStep.run(PickleStepTestStep.java:46)\r\n\tat io.cucumber.core.runner.TestCase.run(TestCase.java:51)\r\n\tat io.cucumber.core.runner.Runner.runPickle(Runner.java:67)\r\n\tat io.cucumber.junit.PickleRunners$NoStepDescriptions.run(PickleRunners.java:149)\r\n\tat io.cucumber.junit.FeatureRunner.runChild(FeatureRunner.java:83)\r\n\tat io.cucumber.junit.FeatureRunner.runChild(FeatureRunner.java:24)\r\n\tat org.junit.runners.ParentRunner$4.run(ParentRunner.java:331)\r\n\tat org.junit.runners.ParentRunner$1.schedule(ParentRunner.java:79)\r\n\tat org.junit.runners.ParentRunner.runChildren(ParentRunner.java:329)\r\n\tat org.junit.runners.ParentRunner.access$100(ParentRunner.java:66)\r\n\tat org.junit.runners.ParentRunner$2.evaluate(ParentRunner.java:293)\r\n\tat org.junit.runners.ParentRunner$3.evaluate(ParentRunner.java:306)\r\n\tat org.junit.runners.ParentRunner.run(ParentRunner.java:413)\r\n\tat io.cucumber.junit.Cucumber.runChild(Cucumber.java:185)\r\n\tat io.cucumber.junit.Cucumber.runChild(Cucumber.java:83)\r\n\tat org.junit.runners.ParentRunner$4.run(ParentRunner.java:331)\r\n\tat org.junit.runners.ParentRunner$1.schedule(ParentRunner.java:79)\r\n\tat org.junit.runners.ParentRunner.runChildren(ParentRunner.java:329)\r\n\tat org.junit.runners.ParentRunner.access$100(ParentRunner.java:66)\r\n\tat org.junit.runners.ParentRunner$2.evaluate(ParentRunner.java:293)\r\n\tat io.cucumber.junit.Cucumber$RunCucumber.evaluate(Cucumber.java:219)\r\n\tat org.junit.runners.ParentRunner$3.evaluate(ParentRunner.java:306)\r\n\tat org.junit.runners.ParentRunner.run(ParentRunner.java:413)\r\n\tat org.eclipse.jdt.internal.junit4.runner.JUnit4TestReference.run(JUnit4TestReference.java:93)\r\n\tat org.eclipse.jdt.internal.junit.runner.TestExecution.run(TestExecution.java:40)\r\n\tat org.eclipse.jdt.internal.junit.runner.RemoteTestRunner.runTests(RemoteTestRunner.java:529)\r\n\tat org.eclipse.jdt.internal.junit.runner.RemoteTestRunner.runTests(RemoteTestRunner.java:756)\r\n\tat org.eclipse.jdt.internal.junit.runner.RemoteTestRunner.run(RemoteTestRunner.java:452)\r\n\tat org.eclipse.jdt.internal.junit.runner.RemoteTestRunner.main(RemoteTestRunner.java:210)\r\n"},"stage":"finished","steps":[{"name":"Given  Staff Logged on to LMS website","status":"broken","statusDetails":{"known":false,"muted":false,"flaky":false,"message":"Step [Staff Logged on to LMS website] is defined with 0 parameters at 'stepDefinations.Assignment.staff_Logged_on_to_LMS_website()'.\nHowever, the gherkin step has 1 arguments:\n * Table:\n      | username | Password |\n      | xyz1234  | kk12kk12 |\n\nStep text: Staff Logged on to LMS website","trace":"io.cucumber.core.exception.CucumberException: Step [Staff Logged on to LMS website] is defined with 0 parameters at 'stepDefinations.Assignment.staff_Logged_on_to_LMS_website()'.\nHowever, the gherkin step has 1 arguments:\n * Table:\n      | username | Password |\n      | xyz1234  | kk12kk12 |\n\nStep text: Staff Logged on to LMS website\r\n\tat io.cucumber.core.runner.PickleStepDefinitionMatch.arityMismatch(PickleStepDefinitionMatch.java:134)\r\n\tat io.cucumber.core.runner.PickleStepDefinitionMatch.runStep(PickleStepDefinitionMatch.java:42)\r\n\tat io.cucumber.core.runner.TestStep.executeStep(TestStep.java:64)\r\n\tat io.cucumber.core.runner.TestStep.run(TestStep.java:49)\r\n\tat io.cucumber.core.runner.PickleStepTestStep.run(PickleStepTestStep.java:46)\r\n\tat io.cucumber.core.runner.TestCase.run(TestCase.java:51)\r\n\tat io.cucumber.core.runner.Runner.runPickle(Runner.java:67)\r\n\tat io.cucumber.junit.PickleRunners$NoStepDescriptions.run(PickleRunners.java:149)\r\n\tat io.cucumber.junit.FeatureRunner.runChild(FeatureRunner.java:83)\r\n\tat io.cucumber.junit.FeatureRunner.runChild(FeatureRunner.java:24)\r\n\tat org.junit.runners.ParentRunner$4.run(ParentRunner.java:331)\r\n\tat org.junit.runners.ParentRunner$1.schedule(ParentRunner.java:79)\r\n\tat org.junit.runners.ParentRunner.runChildren(ParentRunner.java:329)\r\n\tat org.junit.runners.ParentRunner.access$100(ParentRunner.java:66)\r\n\tat org.junit.runners.ParentRunner$2.evaluate(ParentRunner.java:293)\r\n\tat org.junit.runners.ParentRunner$3.evaluate(ParentRunner.java:306)\r\n\tat org.junit.runners.ParentRunner.run(ParentRunner.java:413)\r\n\tat io.cucumber.junit.Cucumber.runChild(Cucumber.java:185)\r\n\tat io.cucumber.junit.Cucumber.runChild(Cucumber.java:83)\r\n\tat org.junit.runners.ParentRunner$4.run(ParentRunner.java:331)\r\n\tat org.junit.runners.ParentRunner$1.schedule(ParentRunner.java:79)\r\n\tat org.junit.runners.ParentRunner.runChildren(ParentRunner.java:329)\r\n\tat org.junit.runners.ParentRunner.access$100(ParentRunner.java:66)\r\n\tat org.junit.runners.ParentRunner$2.evaluate(ParentRunner.java:293)\r\n\tat io.cucumber.junit.Cucumber$RunCucumber.evaluate(Cucumber.java:219)\r\n\tat org.junit.runners.ParentRunner$3.evaluate(ParentRunner.java:306)\r\n\tat org.junit.runners.ParentRunner.run(ParentRunner.java:413)\r\n\tat org.eclipse.jdt.internal.junit4.runner.JUnit4TestReference.run(JUnit4TestReference.java:93)\r\n\tat org.eclipse.jdt.internal.junit.runner.TestExecution.run(TestExecution.java:40)\r\n\tat org.eclipse.jdt.internal.junit.runner.RemoteTestRunner.runTests(RemoteTestRunner.java:529)\r\n\tat org.eclipse.jdt.internal.junit.runner.RemoteTestRunner.runTests(RemoteTestRunner.java:756)\r\n\tat org.eclipse.jdt.internal.junit.runner.RemoteTestRunner.run(RemoteTestRunner.java:452)\r\n\tat org.eclipse.jdt.internal.junit.runner.RemoteTestRunner.main(RemoteTestRunner.java:210)\r\n"},"stage":"finished","steps":[],"attachments":[{"name":"Data table","source":"6868a16d-02b1-45ff-8473-41939a7e9d44-attachment.csv","type":"text/tab-separated-values"}],"parameters":[],"start":1669605334880,"stop":1669605334884},{"name":"Given  Staff is on Manage Assignment page","status":"skipped","statusDetails":{"known":false,"muted":false,"flaky":false},"stage":"finished","steps":[],"attachments":[],"parameters":[],"start":1669605334887,"stop":1669605334888},{"name":"When  Staff clicks a Add new assignment button","status":"skipped","statusDetails":{"known":false,"muted":false,"flaky":false},"stage":"finished","steps":[],"attachments":[],"parameters":[],"start":1669605334888,"stop":1669605334889},{"name":"Then  Staff should see Assignment details window","status":"skipped","statusDetails":{"known":false,"muted":false,"flaky":false},"stage":"finished","steps":[],"attachments":[],"parameters":[],"start":1669605334889,"stop":1669605334890}],"attachments":[],"parameters":[],"start":1669605333769,"stop":1669605335069}