{"uuid":"e1dfd9ed-0a2c-465d-877e-2f82e3f656a6","historyId":"105951e201673171051337ddd7e6ac9e","fullName":"Delete Assignment Functionality: Admin clicks delete button","labels":[{"name":"host","value":"Pandya"},{"name":"thread","value":"26344@Pandya.main(1)"},{"name":"feature","value":"Delete Assignment Functionality"},{"name":"story","value":"Admin clicks delete button"},{"name":"suite","value":"Delete Assignment Functionality"},{"name":"testClass","value":"Admin clicks delete button"},{"name":"framework","value":"cucumber5jvm"},{"name":"language","value":"java"},{"name":"gherkin_uri","value":"file:///C:/Users/joshi/eclipse-workspace/LMS/src/test/resources/features/6Assignment_DeleteAssignmentFunctionalityAdmin.feature"},{"name":"package","value":"src.test.resources.features.6Assignment_DeleteAssignmentFunctionalityAdmin_feature.Delete Assignment Functionality"}],"links":[],"name":"Admin clicks delete button","status":"broken","statusDetails":{"known":false,"muted":false,"flaky":false,"message":"Step [Admin logged on to LMS website] is defined with 0 parameters at 'stepDefinations.Assignment.admin_logged_on_to_LMS_website()'.\nHowever, the gherkin step has 1 arguments:\n * Table:\n      | username | Password |\n      | xyz1234  | kk12kk12 |\n\nStep text: Admin logged on to LMS website","trace":"io.cucumber.core.exception.CucumberException: Step [Admin logged on to LMS website] is defined with 0 parameters at 'stepDefinations.Assignment.admin_logged_on_to_LMS_website()'.\nHowever, the gherkin step has 1 arguments:\n * Table:\n      | username | Password |\n      | xyz1234  | kk12kk12 |\n\nStep text: Admin logged on to LMS website\r\n\tat io.cucumber.core.runner.PickleStepDefinitionMatch.arityMismatch(PickleStepDefinitionMatch.java:134)\r\n\tat io.cucumber.core.runner.PickleStepDefinitionMatch.runStep(PickleStepDefinitionMatch.java:42)\r\n\tat io.cucumber.core.runner.TestStep.executeStep(TestStep.java:64)\r\n\tat io.cucumber.core.runner.TestStep.run(TestStep.java:49)\r\n\tat io.cucumber.core.runner.PickleStepTestStep.run(PickleStepTestStep.java:46)\r\n\tat io.cucumber.core.runner.TestCase.run(TestCase.java:51)\r\n\tat io.cucumber.core.runner.Runner.runPickle(Runner.java:67)\r\n\tat io.cucumber.junit.PickleRunners$NoStepDescriptions.run(PickleRunners.java:149)\r\n\tat io.cucumber.junit.FeatureRunner.runChild(FeatureRunner.java:83)\r\n\tat io.cucumber.junit.FeatureRunner.runChild(FeatureRunner.java:24)\r\n\tat org.junit.runners.ParentRunner$4.run(ParentRunner.java:331)\r\n\tat org.junit.runners.ParentRunner$1.schedule(ParentRunner.java:79)\r\n\tat org.junit.runners.ParentRunner.runChildren(ParentRunner.java:329)\r\n\tat org.junit.runners.ParentRunner.access$100(ParentRunner.java:66)\r\n\tat org.junit.runners.ParentRunner$2.evaluate(ParentRunner.java:293)\r\n\tat org.junit.runners.ParentRunner$3.evaluate(ParentRunner.java:306)\r\n\tat org.junit.runners.ParentRunner.run(ParentRunner.java:413)\r\n\tat io.cucumber.junit.Cucumber.runChild(Cucumber.java:185)\r\n\tat io.cucumber.junit.Cucumber.runChild(Cucumber.java:83)\r\n\tat org.junit.runners.ParentRunner$4.run(ParentRunner.java:331)\r\n\tat org.junit.runners.ParentRunner$1.schedule(ParentRunner.java:79)\r\n\tat org.junit.runners.ParentRunner.runChildren(ParentRunner.java:329)\r\n\tat org.junit.runners.ParentRunner.access$100(ParentRunner.java:66)\r\n\tat org.junit.runners.ParentRunner$2.evaluate(ParentRunner.java:293)\r\n\tat io.cucumber.junit.Cucumber$RunCucumber.evaluate(Cucumber.java:219)\r\n\tat org.junit.runners.ParentRunner$3.evaluate(ParentRunner.java:306)\r\n\tat org.junit.runners.ParentRunner.run(ParentRunner.java:413)\r\n\tat org.eclipse.jdt.internal.junit4.runner.JUnit4TestReference.run(JUnit4TestReference.java:93)\r\n\tat org.eclipse.jdt.internal.junit.runner.TestExecution.run(TestExecution.java:40)\r\n\tat org.eclipse.jdt.internal.junit.runner.RemoteTestRunner.runTests(RemoteTestRunner.java:529)\r\n\tat org.eclipse.jdt.internal.junit.runner.RemoteTestRunner.runTests(RemoteTestRunner.java:756)\r\n\tat org.eclipse.jdt.internal.junit.runner.RemoteTestRunner.run(RemoteTestRunner.java:452)\r\n\tat org.eclipse.jdt.internal.junit.runner.RemoteTestRunner.main(RemoteTestRunner.java:210)\r\n"},"stage":"finished","steps":[{"name":"Given  Admin logged on to LMS website","status":"broken","statusDetails":{"known":false,"muted":false,"flaky":false,"message":"Step [Admin logged on to LMS website] is defined with 0 parameters at 'stepDefinations.Assignment.admin_logged_on_to_LMS_website()'.\nHowever, the gherkin step has 1 arguments:\n * Table:\n      | username | Password |\n      | xyz1234  | kk12kk12 |\n\nStep text: Admin logged on to LMS website","trace":"io.cucumber.core.exception.CucumberException: Step [Admin logged on to LMS website] is defined with 0 parameters at 'stepDefinations.Assignment.admin_logged_on_to_LMS_website()'.\nHowever, the gherkin step has 1 arguments:\n * Table:\n      | username | Password |\n      | xyz1234  | kk12kk12 |\n\nStep text: Admin logged on to LMS website\r\n\tat io.cucumber.core.runner.PickleStepDefinitionMatch.arityMismatch(PickleStepDefinitionMatch.java:134)\r\n\tat io.cucumber.core.runner.PickleStepDefinitionMatch.runStep(PickleStepDefinitionMatch.java:42)\r\n\tat io.cucumber.core.runner.TestStep.executeStep(TestStep.java:64)\r\n\tat io.cucumber.core.runner.TestStep.run(TestStep.java:49)\r\n\tat io.cucumber.core.runner.PickleStepTestStep.run(PickleStepTestStep.java:46)\r\n\tat io.cucumber.core.runner.TestCase.run(TestCase.java:51)\r\n\tat io.cucumber.core.runner.Runner.runPickle(Runner.java:67)\r\n\tat io.cucumber.junit.PickleRunners$NoStepDescriptions.run(PickleRunners.java:149)\r\n\tat io.cucumber.junit.FeatureRunner.runChild(FeatureRunner.java:83)\r\n\tat io.cucumber.junit.FeatureRunner.runChild(FeatureRunner.java:24)\r\n\tat org.junit.runners.ParentRunner$4.run(ParentRunner.java:331)\r\n\tat org.junit.runners.ParentRunner$1.schedule(ParentRunner.java:79)\r\n\tat org.junit.runners.ParentRunner.runChildren(ParentRunner.java:329)\r\n\tat org.junit.runners.ParentRunner.access$100(ParentRunner.java:66)\r\n\tat org.junit.runners.ParentRunner$2.evaluate(ParentRunner.java:293)\r\n\tat org.junit.runners.ParentRunner$3.evaluate(ParentRunner.java:306)\r\n\tat org.junit.runners.ParentRunner.run(ParentRunner.java:413)\r\n\tat io.cucumber.junit.Cucumber.runChild(Cucumber.java:185)\r\n\tat io.cucumber.junit.Cucumber.runChild(Cucumber.java:83)\r\n\tat org.junit.runners.ParentRunner$4.run(ParentRunner.java:331)\r\n\tat org.junit.runners.ParentRunner$1.schedule(ParentRunner.java:79)\r\n\tat org.junit.runners.ParentRunner.runChildren(ParentRunner.java:329)\r\n\tat org.junit.runners.ParentRunner.access$100(ParentRunner.java:66)\r\n\tat org.junit.runners.ParentRunner$2.evaluate(ParentRunner.java:293)\r\n\tat io.cucumber.junit.Cucumber$RunCucumber.evaluate(Cucumber.java:219)\r\n\tat org.junit.runners.ParentRunner$3.evaluate(ParentRunner.java:306)\r\n\tat org.junit.runners.ParentRunner.run(ParentRunner.java:413)\r\n\tat org.eclipse.jdt.internal.junit4.runner.JUnit4TestReference.run(JUnit4TestReference.java:93)\r\n\tat org.eclipse.jdt.internal.junit.runner.TestExecution.run(TestExecution.java:40)\r\n\tat org.eclipse.jdt.internal.junit.runner.RemoteTestRunner.runTests(RemoteTestRunner.java:529)\r\n\tat org.eclipse.jdt.internal.junit.runner.RemoteTestRunner.runTests(RemoteTestRunner.java:756)\r\n\tat org.eclipse.jdt.internal.junit.runner.RemoteTestRunner.run(RemoteTestRunner.java:452)\r\n\tat org.eclipse.jdt.internal.junit.runner.RemoteTestRunner.main(RemoteTestRunner.java:210)\r\n"},"stage":"finished","steps":[],"attachments":[{"name":"Data table","source":"2c519457-e462-4141-9dda-ad32a5536f56-attachment.csv","type":"text/tab-separated-values"}],"parameters":[],"start":1669605541439,"stop":1669605541441},{"name":"Given  Admin is on Manage Assignment page","status":"skipped","statusDetails":{"known":false,"muted":false,"flaky":false},"stage":"finished","steps":[],"attachments":[],"parameters":[],"start":1669605541442,"stop":1669605541443},{"name":"When  Admin clicks on delete button","status":"skipped","statusDetails":{"known":false,"muted":false,"flaky":false},"stage":"finished","steps":[],"attachments":[],"parameters":[],"start":1669605541444,"stop":1669605541444},{"name":"Then  Admin should see a message \"Staff only have access\"","status":"skipped","statusDetails":{"known":false,"muted":false,"flaky":false},"stage":"finished","steps":[],"attachments":[],"parameters":[],"start":1669605541444,"stop":1669605541445}],"attachments":[],"parameters":[],"start":1669605540355,"stop":1669605541601}